make[1]: Entering directory '/home/ubuntu/work/qmem'
gcc -Wall -Wextra -Wpedantic -Werror -std=c11 -I./include -I./src -O2 -DNDEBUG -DQMEM_WEB_ENABLED -c -o build/daemon/config.o src/daemon/config.c
gcc -Wall -Wextra -Wpedantic -Werror -std=c11 -I./include -I./src -O2 -DNDEBUG -DQMEM_WEB_ENABLED -c -o build/daemon/daemon.o src/daemon/daemon.c
gcc -Wall -Wextra -Wpedantic -Werror -std=c11 -I./include -I./src -O2 -DNDEBUG -DQMEM_WEB_ENABLED -c -o build/daemon/ipc_server.o src/daemon/ipc_server.c
gcc -Wall -Wextra -Wpedantic -Werror -std=c11 -I./include -I./src -O2 -DNDEBUG -DQMEM_WEB_ENABLED -c -o build/daemon/main.o src/daemon/main.c
gcc -Wall -Wextra -Wpedantic -Werror -std=c11 -I./include -I./src -O2 -DNDEBUG -DQMEM_WEB_ENABLED -c -o build/daemon/plugin_loader.o src/daemon/plugin_loader.c
gcc -Wall -Wextra -Wpedantic -Werror -std=c11 -I./include -I./src -O2 -DNDEBUG -DQMEM_WEB_ENABLED -c -o build/daemon/ringbuffer.o src/daemon/ringbuffer.c
gcc -Wall -Wextra -Wpedantic -Werror -std=c11 -I./include -I./src -O2 -DNDEBUG -DQMEM_WEB_ENABLED -c -o build/daemon/service_manager.o src/daemon/service_manager.c
gcc -Wall -Wextra -Wpedantic -Werror -std=c11 -I./include -I./src -O2 -DNDEBUG -DQMEM_WEB_ENABLED -c -o build/web/api.o src/web/api.c
gcc -Wall -Wextra -Wpedantic -Werror -std=c11 -I./include -I./src -O2 -DNDEBUG -DQMEM_WEB_ENABLED -c -o build/web/http_server.o src/web/http_server.c
gcc -Wall -Wextra -Wpedantic -Werror -std=c11 -I./include -I./src -O2 -DNDEBUG -DQMEM_WEB_ENABLED -c -o build/web/static_files.o src/web/static_files.c
gcc -Wall -Wextra -Wpedantic -Werror -std=c11 -I./include -I./src -O2 -DNDEBUG -DQMEM_WEB_ENABLED -c -o build/common/format.o src/common/format.c
gcc -Wall -Wextra -Wpedantic -Werror -std=c11 -I./include -I./src -O2 -DNDEBUG -DQMEM_WEB_ENABLED -c -o build/common/json.o src/common/json.c
gcc -Wall -Wextra -Wpedantic -Werror -std=c11 -I./include -I./src -O2 -DNDEBUG -DQMEM_WEB_ENABLED -c -o build/common/log.o src/common/log.c
gcc -Wall -Wextra -Wpedantic -Werror -std=c11 -I./include -I./src -O2 -DNDEBUG -DQMEM_WEB_ENABLED -c -o build/common/proc_utils.o src/common/proc_utils.c
gcc -Wall -Wextra -Wpedantic -Werror -std=c11 -I./include -I./src -O2 -DNDEBUG -DQMEM_WEB_ENABLED -c -o build/cli/client.o src/cli/client.c
gcc -Wall -Wextra -Wpedantic -Werror -std=c11 -I./include -I./src -O2 -DNDEBUG -DQMEM_WEB_ENABLED -c -o build/cli/commands.o src/cli/commands.c
gcc -Wall -Wextra -Wpedantic -Werror -std=c11 -I./include -I./src -O2 -DNDEBUG -DQMEM_WEB_ENABLED -c -o build/cli/main.o src/cli/main.c
gcc -Wall -Wextra -Wpedantic -Werror -std=c11 -I./include -I./src -O2 -DNDEBUG -DQMEM_WEB_ENABLED -o bin/qmem_test_tool tests/qmem_test_tool.c
gcc -Wall -Wextra -Wpedantic -Werror -std=c11 -I./include -I./src -O2 -DNDEBUG -DQMEM_WEB_ENABLED -DNO_PLUGIN_DEFINE -fPIC -c -o build/services/procmem_noplugin.o src/services/procmem.c
gcc -Wall -Wextra -Wpedantic -Werror -std=c11 -I./include -I./src -O2 -DNDEBUG -DQMEM_WEB_ENABLED -fPIC -shared -o plugins/meminfo.so src/services/meminfo.c build/common/format.o build/common/json.o build/common/log.o build/common/proc_utils.o -lpthread -ldl
gcc -Wall -Wextra -Wpedantic -Werror -std=c11 -I./include -I./src -O2 -DNDEBUG -DQMEM_WEB_ENABLED -DNO_PLUGIN_DEFINE -fPIC -c -o build/services/slabinfo_noplugin.o src/services/slabinfo.c
gcc -Wall -Wextra -Wpedantic -Werror -std=c11 -I./include -I./src -O2 -DNDEBUG -DQMEM_WEB_ENABLED -DNO_PLUGIN_DEFINE -fPIC -c -o build/services/heapmon_noplugin.o src/services/heapmon.c
gcc -Wall -Wextra -Wpedantic -Werror -std=c11 -I./include -I./src -O2 -DNDEBUG -DQMEM_WEB_ENABLED -DNO_PLUGIN_DEFINE -fPIC -c -o build/services/meminfo_noplugin.o src/services/meminfo.c
gcc -Wall -Wextra -Wpedantic -Werror -std=c11 -I./include -I./src -O2 -DNDEBUG -DQMEM_WEB_ENABLED -fPIC -shared -o plugins/netstat.so src/services/netstat.c build/common/format.o build/common/json.o build/common/log.o build/common/proc_utils.o -lpthread -ldl
gcc -Wall -Wextra -Wpedantic -Werror -std=c11 -I./include -I./src -O2 -DNDEBUG -DQMEM_WEB_ENABLED -fPIC -shared -o plugins/procevent.so src/services/procevent.c build/common/format.o build/common/json.o build/common/log.o build/common/proc_utils.o -lpthread -ldl
gcc -Wall -Wextra -Wpedantic -Werror -std=c11 -I./include -I./src -O2 -DNDEBUG -DQMEM_WEB_ENABLED -fPIC -shared -o plugins/procmem.so src/services/procmem.c build/common/format.o build/common/json.o build/common/log.o build/common/proc_utils.o -lpthread -ldl
gcc -Wall -Wextra -Wpedantic -Werror -std=c11 -I./include -I./src -O2 -DNDEBUG -DQMEM_WEB_ENABLED -fPIC -shared -o plugins/procstat.so src/services/procstat.c build/common/format.o build/common/json.o build/common/log.o build/common/proc_utils.o -lpthread -ldl
gcc -Wall -Wextra -Wpedantic -Werror -std=c11 -I./include -I./src -O2 -DNDEBUG -DQMEM_WEB_ENABLED -fPIC -shared -o plugins/slabinfo.so src/services/slabinfo.c build/common/format.o build/common/json.o build/common/log.o build/common/proc_utils.o -lpthread -ldl
gcc -Wall -Wextra -Wpedantic -Werror -std=c11 -I./include -I./src -O2 -DNDEBUG -DQMEM_WEB_ENABLED -fPIC -shared -o plugins/sockstat.so src/services/sockstat.c build/common/format.o build/common/json.o build/common/log.o build/common/proc_utils.o -lpthread -ldl
gcc -Wall -Wextra -Wpedantic -Werror -std=c11 -I./include -I./src -O2 -DNDEBUG -DQMEM_WEB_ENABLED -fPIC -shared -o plugins/vmstat.so src/services/vmstat.c build/common/format.o build/common/json.o build/common/log.o build/common/proc_utils.o -lpthread -ldl
gcc -Wall -Wextra -Wpedantic -Werror -std=c11 -I./include -I./src -O2 -DNDEBUG -DQMEM_WEB_ENABLED -o bin/qmemd build/daemon/config.o build/daemon/daemon.o build/daemon/ipc_server.o build/daemon/main.o build/daemon/plugin_loader.o build/daemon/ringbuffer.o build/daemon/service_manager.o build/web/api.o build/web/http_server.o build/web/static_files.o build/common/format.o build/common/json.o build/common/log.o build/common/proc_utils.o -lpthread -ldl
gcc -Wall -Wextra -Wpedantic -Werror -std=c11 -I./include -I./src -O2 -DNDEBUG -DQMEM_WEB_ENABLED -o bin/qmemctl build/cli/client.o build/cli/commands.o build/cli/main.o build/common/format.o build/common/json.o build/common/log.o build/common/proc_utils.o -lpthread -ldl
gcc -Wall -Wextra -Wpedantic -Werror -std=c11 -I./include -I./src -O2 -DNDEBUG -DQMEM_WEB_ENABLED -fPIC -shared -o plugins/cpuload.so src/services/cpuload.c build/common/format.o build/common/json.o build/common/log.o build/common/proc_utils.o -lpthread -ldl
gcc -Wall -Wextra -Wpedantic -Werror -std=c11 -I./include -I./src -O2 -DNDEBUG -DQMEM_WEB_ENABLED -fPIC -shared -o plugins/heapmon.so src/services/heapmon.c build/services/procmem_noplugin.o build/common/format.o build/common/json.o build/common/log.o build/common/proc_utils.o -lpthread -ldl
gcc -Wall -Wextra -Wpedantic -Werror -std=c11 -I./include -I./src -O2 -DNDEBUG -DQMEM_WEB_ENABLED -fPIC -shared -o plugins/memleak.so src/services/memleak.c build/services/procmem_noplugin.o build/services/slabinfo_noplugin.o build/services/heapmon_noplugin.o build/services/meminfo_noplugin.o build/common/format.o build/common/json.o build/common/log.o build/common/proc_utils.o -lpthread -ldl
make[1]: Leaving directory '/home/ubuntu/work/qmem'
total 144
-rwxrwxr-x 1 ubuntu ubuntu 71248 Jan 21 09:42 qmem_test_tool
-rwxrwxr-x 1 ubuntu ubuntu 76592 Jan 21 09:42 qmemctl
-rwxrwxr-x 1 ubuntu ubuntu 81720 Jan 21 09:42 qmemd
make[1]: Entering directory '/home/ubuntu/work/qmem'
gcc -Wall -Wextra -Wpedantic -Werror -std=c11 -I./include -I./src -g -O0 -DDEBUG -DQMEM_WEB_ENABLED -c -o build/daemon/config.o src/daemon/config.c
gcc -Wall -Wextra -Wpedantic -Werror -std=c11 -I./include -I./src -g -O0 -DDEBUG -DQMEM_WEB_ENABLED -c -o build/daemon/daemon.o src/daemon/daemon.c
gcc -Wall -Wextra -Wpedantic -Werror -std=c11 -I./include -I./src -g -O0 -DDEBUG -DQMEM_WEB_ENABLED -c -o build/daemon/ipc_server.o src/daemon/ipc_server.c
gcc -Wall -Wextra -Wpedantic -Werror -std=c11 -I./include -I./src -g -O0 -DDEBUG -DQMEM_WEB_ENABLED -c -o build/daemon/main.o src/daemon/main.c
gcc -Wall -Wextra -Wpedantic -Werror -std=c11 -I./include -I./src -g -O0 -DDEBUG -DQMEM_WEB_ENABLED -c -o build/daemon/plugin_loader.o src/daemon/plugin_loader.c
gcc -Wall -Wextra -Wpedantic -Werror -std=c11 -I./include -I./src -g -O0 -DDEBUG -DQMEM_WEB_ENABLED -c -o build/daemon/ringbuffer.o src/daemon/ringbuffer.c
gcc -Wall -Wextra -Wpedantic -Werror -std=c11 -I./include -I./src -g -O0 -DDEBUG -DQMEM_WEB_ENABLED -c -o build/daemon/service_manager.o src/daemon/service_manager.c
gcc -Wall -Wextra -Wpedantic -Werror -std=c11 -I./include -I./src -g -O0 -DDEBUG -DQMEM_WEB_ENABLED -c -o build/web/api.o src/web/api.c
gcc -Wall -Wextra -Wpedantic -Werror -std=c11 -I./include -I./src -g -O0 -DDEBUG -DQMEM_WEB_ENABLED -c -o build/web/http_server.o src/web/http_server.c
gcc -Wall -Wextra -Wpedantic -Werror -std=c11 -I./include -I./src -g -O0 -DDEBUG -DQMEM_WEB_ENABLED -c -o build/web/static_files.o src/web/static_files.c
gcc -Wall -Wextra -Wpedantic -Werror -std=c11 -I./include -I./src -g -O0 -DDEBUG -DQMEM_WEB_ENABLED -c -o build/common/format.o src/common/format.c
gcc -Wall -Wextra -Wpedantic -Werror -std=c11 -I./include -I./src -g -O0 -DDEBUG -DQMEM_WEB_ENABLED -c -o build/common/json.o src/common/json.c
gcc -Wall -Wextra -Wpedantic -Werror -std=c11 -I./include -I./src -g -O0 -DDEBUG -DQMEM_WEB_ENABLED -c -o build/common/log.o src/common/log.c
gcc -Wall -Wextra -Wpedantic -Werror -std=c11 -I./include -I./src -g -O0 -DDEBUG -DQMEM_WEB_ENABLED -c -o build/common/proc_utils.o src/common/proc_utils.c
gcc -Wall -Wextra -Wpedantic -Werror -std=c11 -I./include -I./src -g -O0 -DDEBUG -DQMEM_WEB_ENABLED -c -o build/cli/client.o src/cli/client.c
gcc -Wall -Wextra -Wpedantic -Werror -std=c11 -I./include -I./src -g -O0 -DDEBUG -DQMEM_WEB_ENABLED -c -o build/cli/commands.o src/cli/commands.c
gcc -Wall -Wextra -Wpedantic -Werror -std=c11 -I./include -I./src -g -O0 -DDEBUG -DQMEM_WEB_ENABLED -c -o build/cli/main.o src/cli/main.c
gcc -Wall -Wextra -Wpedantic -Werror -std=c11 -I./include -I./src -g -O0 -DDEBUG -DQMEM_WEB_ENABLED -o bin/qmem_test_tool tests/qmem_test_tool.c
gcc -Wall -Wextra -Wpedantic -Werror -std=c11 -I./include -I./src -g -O0 -DDEBUG -DQMEM_WEB_ENABLED -fPIC -shared -o plugins/cpuload.so src/services/cpuload.c build/common/format.o build/common/json.o build/common/log.o build/common/proc_utils.o -lpthread -ldl -g
gcc -Wall -Wextra -Wpedantic -Werror -std=c11 -I./include -I./src -g -O0 -DDEBUG -DQMEM_WEB_ENABLED -DNO_PLUGIN_DEFINE -fPIC -c -o build/services/procmem_noplugin.o src/services/procmem.c
gcc -Wall -Wextra -Wpedantic -Werror -std=c11 -I./include -I./src -g -O0 -DDEBUG -DQMEM_WEB_ENABLED -fPIC -shared -o plugins/meminfo.so src/services/meminfo.c build/common/format.o build/common/json.o build/common/log.o build/common/proc_utils.o -lpthread -ldl -g
gcc -Wall -Wextra -Wpedantic -Werror -std=c11 -I./include -I./src -g -O0 -DDEBUG -DQMEM_WEB_ENABLED -DNO_PLUGIN_DEFINE -fPIC -c -o build/services/slabinfo_noplugin.o src/services/slabinfo.c
gcc -Wall -Wextra -Wpedantic -Werror -std=c11 -I./include -I./src -g -O0 -DDEBUG -DQMEM_WEB_ENABLED -DNO_PLUGIN_DEFINE -fPIC -c -o build/services/heapmon_noplugin.o src/services/heapmon.c
gcc -Wall -Wextra -Wpedantic -Werror -std=c11 -I./include -I./src -g -O0 -DDEBUG -DQMEM_WEB_ENABLED -DNO_PLUGIN_DEFINE -fPIC -c -o build/services/meminfo_noplugin.o src/services/meminfo.c
gcc -Wall -Wextra -Wpedantic -Werror -std=c11 -I./include -I./src -g -O0 -DDEBUG -DQMEM_WEB_ENABLED -fPIC -shared -o plugins/netstat.so src/services/netstat.c build/common/format.o build/common/json.o build/common/log.o build/common/proc_utils.o -lpthread -ldl -g
gcc -Wall -Wextra -Wpedantic -Werror -std=c11 -I./include -I./src -g -O0 -DDEBUG -DQMEM_WEB_ENABLED -fPIC -shared -o plugins/procevent.so src/services/procevent.c build/common/format.o build/common/json.o build/common/log.o build/common/proc_utils.o -lpthread -ldl -g
gcc -Wall -Wextra -Wpedantic -Werror -std=c11 -I./include -I./src -g -O0 -DDEBUG -DQMEM_WEB_ENABLED -fPIC -shared -o plugins/procmem.so src/services/procmem.c build/common/format.o build/common/json.o build/common/log.o build/common/proc_utils.o -lpthread -ldl -g
gcc -Wall -Wextra -Wpedantic -Werror -std=c11 -I./include -I./src -g -O0 -DDEBUG -DQMEM_WEB_ENABLED -fPIC -shared -o plugins/procstat.so src/services/procstat.c build/common/format.o build/common/json.o build/common/log.o build/common/proc_utils.o -lpthread -ldl -g
gcc -Wall -Wextra -Wpedantic -Werror -std=c11 -I./include -I./src -g -O0 -DDEBUG -DQMEM_WEB_ENABLED -fPIC -shared -o plugins/slabinfo.so src/services/slabinfo.c build/common/format.o build/common/json.o build/common/log.o build/common/proc_utils.o -lpthread -ldl -g
gcc -Wall -Wextra -Wpedantic -Werror -std=c11 -I./include -I./src -g -O0 -DDEBUG -DQMEM_WEB_ENABLED -fPIC -shared -o plugins/sockstat.so src/services/sockstat.c build/common/format.o build/common/json.o build/common/log.o build/common/proc_utils.o -lpthread -ldl -g
gcc -Wall -Wextra -Wpedantic -Werror -std=c11 -I./include -I./src -g -O0 -DDEBUG -DQMEM_WEB_ENABLED -fPIC -shared -o plugins/vmstat.so src/services/vmstat.c build/common/format.o build/common/json.o build/common/log.o build/common/proc_utils.o -lpthread -ldl -g
gcc -Wall -Wextra -Wpedantic -Werror -std=c11 -I./include -I./src -g -O0 -DDEBUG -DQMEM_WEB_ENABLED -o bin/qmemd build/daemon/config.o build/daemon/daemon.o build/daemon/ipc_server.o build/daemon/main.o build/daemon/plugin_loader.o build/daemon/ringbuffer.o build/daemon/service_manager.o build/web/api.o build/web/http_server.o build/web/static_files.o build/common/format.o build/common/json.o build/common/log.o build/common/proc_utils.o -lpthread -ldl -g
gcc -Wall -Wextra -Wpedantic -Werror -std=c11 -I./include -I./src -g -O0 -DDEBUG -DQMEM_WEB_ENABLED -o bin/qmemctl build/cli/client.o build/cli/commands.o build/cli/main.o build/common/format.o build/common/json.o build/common/log.o build/common/proc_utils.o -lpthread -ldl -g
gcc -Wall -Wextra -Wpedantic -Werror -std=c11 -I./include -I./src -g -O0 -DDEBUG -DQMEM_WEB_ENABLED -fPIC -shared -o plugins/heapmon.so src/services/heapmon.c build/services/procmem_noplugin.o build/common/format.o build/common/json.o build/common/log.o build/common/proc_utils.o -lpthread -ldl -g
gcc -Wall -Wextra -Wpedantic -Werror -std=c11 -I./include -I./src -g -O0 -DDEBUG -DQMEM_WEB_ENABLED -fPIC -shared -o plugins/memleak.so src/services/memleak.c build/services/procmem_noplugin.o build/services/slabinfo_noplugin.o build/services/heapmon_noplugin.o build/services/meminfo_noplugin.o build/common/format.o build/common/json.o build/common/log.o build/common/proc_utils.o -lpthread -ldl -g
make[1]: Leaving directory '/home/ubuntu/work/qmem'
total 236
-rwxrwxr-x 1 ubuntu ubuntu  75760 Jan 21 09:42 qmem_test_tool
-rwxrwxr-x 1 ubuntu ubuntu 108264 Jan 21 09:42 qmemctl
-rwxrwxr-x 1 ubuntu ubuntu 138008 Jan 21 09:42 qmemd
make[1]: Entering directory '/home/ubuntu/work/qmem'
gcc -Wall -Wextra -Wpedantic -Werror -std=c11 -I./include -I./src -O2 -DNDEBUG -DQMEM_WEB_ENABLED -c -o build/daemon/config.o src/daemon/config.c
gcc -Wall -Wextra -Wpedantic -Werror -std=c11 -I./include -I./src -O2 -DNDEBUG -DQMEM_WEB_ENABLED -c -o build/daemon/daemon.o src/daemon/daemon.c
gcc -Wall -Wextra -Wpedantic -Werror -std=c11 -I./include -I./src -O2 -DNDEBUG -DQMEM_WEB_ENABLED -c -o build/daemon/ipc_server.o src/daemon/ipc_server.c
gcc -Wall -Wextra -Wpedantic -Werror -std=c11 -I./include -I./src -O2 -DNDEBUG -DQMEM_WEB_ENABLED -c -o build/daemon/main.o src/daemon/main.c
gcc -Wall -Wextra -Wpedantic -Werror -std=c11 -I./include -I./src -O2 -DNDEBUG -DQMEM_WEB_ENABLED -c -o build/daemon/plugin_loader.o src/daemon/plugin_loader.c
gcc -Wall -Wextra -Wpedantic -Werror -std=c11 -I./include -I./src -O2 -DNDEBUG -DQMEM_WEB_ENABLED -c -o build/daemon/ringbuffer.o src/daemon/ringbuffer.c
gcc -Wall -Wextra -Wpedantic -Werror -std=c11 -I./include -I./src -O2 -DNDEBUG -DQMEM_WEB_ENABLED -c -o build/daemon/service_manager.o src/daemon/service_manager.c
gcc -Wall -Wextra -Wpedantic -Werror -std=c11 -I./include -I./src -O2 -DNDEBUG -DQMEM_WEB_ENABLED -c -o build/web/api.o src/web/api.c
gcc -Wall -Wextra -Wpedantic -Werror -std=c11 -I./include -I./src -O2 -DNDEBUG -DQMEM_WEB_ENABLED -c -o build/web/http_server.o src/web/http_server.c
gcc -Wall -Wextra -Wpedantic -Werror -std=c11 -I./include -I./src -O2 -DNDEBUG -DQMEM_WEB_ENABLED -c -o build/web/static_files.o src/web/static_files.c
gcc -Wall -Wextra -Wpedantic -Werror -std=c11 -I./include -I./src -O2 -DNDEBUG -DQMEM_WEB_ENABLED -c -o build/common/format.o src/common/format.c
gcc -Wall -Wextra -Wpedantic -Werror -std=c11 -I./include -I./src -O2 -DNDEBUG -DQMEM_WEB_ENABLED -c -o build/common/json.o src/common/json.c
gcc -Wall -Wextra -Wpedantic -Werror -std=c11 -I./include -I./src -O2 -DNDEBUG -DQMEM_WEB_ENABLED -c -o build/common/log.o src/common/log.c
gcc -Wall -Wextra -Wpedantic -Werror -std=c11 -I./include -I./src -O2 -DNDEBUG -DQMEM_WEB_ENABLED -c -o build/common/proc_utils.o src/common/proc_utils.c
gcc -Wall -Wextra -Wpedantic -Werror -std=c11 -I./include -I./src -O2 -DNDEBUG -DQMEM_WEB_ENABLED -c -o build/cli/client.o src/cli/client.c
gcc -Wall -Wextra -Wpedantic -Werror -std=c11 -I./include -I./src -O2 -DNDEBUG -DQMEM_WEB_ENABLED -c -o build/cli/commands.o src/cli/commands.c
gcc -Wall -Wextra -Wpedantic -Werror -std=c11 -I./include -I./src -O2 -DNDEBUG -DQMEM_WEB_ENABLED -c -o build/cli/main.o src/cli/main.c
gcc -Wall -Wextra -Wpedantic -Werror -std=c11 -I./include -I./src -O2 -DNDEBUG -DQMEM_WEB_ENABLED -o bin/qmem_test_tool tests/qmem_test_tool.c
gcc -Wall -Wextra -Wpedantic -Werror -std=c11 -I./include -I./src -O2 -DNDEBUG -DQMEM_WEB_ENABLED -DNO_PLUGIN_DEFINE -fPIC -c -o build/services/procmem_noplugin.o src/services/procmem.c
gcc -Wall -Wextra -Wpedantic -Werror -std=c11 -I./include -I./src -O2 -DNDEBUG -DQMEM_WEB_ENABLED -fPIC -shared -o plugins/meminfo.so src/services/meminfo.c build/common/format.o build/common/json.o build/common/log.o build/common/proc_utils.o -lpthread -ldl
gcc -Wall -Wextra -Wpedantic -Werror -std=c11 -I./include -I./src -O2 -DNDEBUG -DQMEM_WEB_ENABLED -DNO_PLUGIN_DEFINE -fPIC -c -o build/services/slabinfo_noplugin.o src/services/slabinfo.c
gcc -Wall -Wextra -Wpedantic -Werror -std=c11 -I./include -I./src -O2 -DNDEBUG -DQMEM_WEB_ENABLED -DNO_PLUGIN_DEFINE -fPIC -c -o build/services/heapmon_noplugin.o src/services/heapmon.c
gcc -Wall -Wextra -Wpedantic -Werror -std=c11 -I./include -I./src -O2 -DNDEBUG -DQMEM_WEB_ENABLED -DNO_PLUGIN_DEFINE -fPIC -c -o build/services/meminfo_noplugin.o src/services/meminfo.c
gcc -Wall -Wextra -Wpedantic -Werror -std=c11 -I./include -I./src -O2 -DNDEBUG -DQMEM_WEB_ENABLED -fPIC -shared -o plugins/netstat.so src/services/netstat.c build/common/format.o build/common/json.o build/common/log.o build/common/proc_utils.o -lpthread -ldl
gcc -Wall -Wextra -Wpedantic -Werror -std=c11 -I./include -I./src -O2 -DNDEBUG -DQMEM_WEB_ENABLED -fPIC -shared -o plugins/procevent.so src/services/procevent.c build/common/format.o build/common/json.o build/common/log.o build/common/proc_utils.o -lpthread -ldl
gcc -Wall -Wextra -Wpedantic -Werror -std=c11 -I./include -I./src -O2 -DNDEBUG -DQMEM_WEB_ENABLED -fPIC -shared -o plugins/procmem.so src/services/procmem.c build/common/format.o build/common/json.o build/common/log.o build/common/proc_utils.o -lpthread -ldl
gcc -Wall -Wextra -Wpedantic -Werror -std=c11 -I./include -I./src -O2 -DNDEBUG -DQMEM_WEB_ENABLED -fPIC -shared -o plugins/procstat.so src/services/procstat.c build/common/format.o build/common/json.o build/common/log.o build/common/proc_utils.o -lpthread -ldl
gcc -Wall -Wextra -Wpedantic -Werror -std=c11 -I./include -I./src -O2 -DNDEBUG -DQMEM_WEB_ENABLED -fPIC -shared -o plugins/slabinfo.so src/services/slabinfo.c build/common/format.o build/common/json.o build/common/log.o build/common/proc_utils.o -lpthread -ldl
gcc -Wall -Wextra -Wpedantic -Werror -std=c11 -I./include -I./src -O2 -DNDEBUG -DQMEM_WEB_ENABLED -fPIC -shared -o plugins/sockstat.so src/services/sockstat.c build/common/format.o build/common/json.o build/common/log.o build/common/proc_utils.o -lpthread -ldl
gcc -Wall -Wextra -Wpedantic -Werror -std=c11 -I./include -I./src -O2 -DNDEBUG -DQMEM_WEB_ENABLED -fPIC -shared -o plugins/vmstat.so src/services/vmstat.c build/common/format.o build/common/json.o build/common/log.o build/common/proc_utils.o -lpthread -ldl
gcc -Wall -Wextra -Wpedantic -Werror -std=c11 -I./include -I./src -O2 -DNDEBUG -DQMEM_WEB_ENABLED -o bin/qmemd build/daemon/config.o build/daemon/daemon.o build/daemon/ipc_server.o build/daemon/main.o build/daemon/plugin_loader.o build/daemon/ringbuffer.o build/daemon/service_manager.o build/web/api.o build/web/http_server.o build/web/static_files.o build/common/format.o build/common/json.o build/common/log.o build/common/proc_utils.o -lpthread -ldl
gcc -Wall -Wextra -Wpedantic -Werror -std=c11 -I./include -I./src -O2 -DNDEBUG -DQMEM_WEB_ENABLED -o bin/qmemctl build/cli/client.o build/cli/commands.o build/cli/main.o build/common/format.o build/common/json.o build/common/log.o build/common/proc_utils.o -lpthread -ldl
gcc -Wall -Wextra -Wpedantic -Werror -std=c11 -I./include -I./src -O2 -DNDEBUG -DQMEM_WEB_ENABLED -fPIC -shared -o plugins/cpuload.so src/services/cpuload.c build/common/format.o build/common/json.o build/common/log.o build/common/proc_utils.o -lpthread -ldl
gcc -Wall -Wextra -Wpedantic -Werror -std=c11 -I./include -I./src -O2 -DNDEBUG -DQMEM_WEB_ENABLED -fPIC -shared -o plugins/heapmon.so src/services/heapmon.c build/services/procmem_noplugin.o build/common/format.o build/common/json.o build/common/log.o build/common/proc_utils.o -lpthread -ldl
gcc -Wall -Wextra -Wpedantic -Werror -std=c11 -I./include -I./src -O2 -DNDEBUG -DQMEM_WEB_ENABLED -fPIC -shared -o plugins/memleak.so src/services/memleak.c build/services/procmem_noplugin.o build/services/slabinfo_noplugin.o build/services/heapmon_noplugin.o build/services/meminfo_noplugin.o build/common/format.o build/common/json.o build/common/log.o build/common/proc_utils.o -lpthread -ldl
make[1]: Leaving directory '/home/ubuntu/work/qmem'
total 144
-rwxrwxr-x 1 ubuntu ubuntu 71248 Jan 21 09:47 qmem_test_tool
-rwxrwxr-x 1 ubuntu ubuntu 76592 Jan 21 09:47 qmemctl
-rwxrwxr-x 1 ubuntu ubuntu 81720 Jan 21 09:47 qmemd
make[1]: Entering directory '/home/ubuntu/work/qmem'
gcc -Wall -Wextra -Wpedantic -Werror -std=c11 -I./include -I./src -g -O0 -DDEBUG -DQMEM_WEB_ENABLED -c -o build/daemon/config.o src/daemon/config.c
gcc -Wall -Wextra -Wpedantic -Werror -std=c11 -I./include -I./src -g -O0 -DDEBUG -DQMEM_WEB_ENABLED -c -o build/daemon/daemon.o src/daemon/daemon.c
gcc -Wall -Wextra -Wpedantic -Werror -std=c11 -I./include -I./src -g -O0 -DDEBUG -DQMEM_WEB_ENABLED -c -o build/daemon/ipc_server.o src/daemon/ipc_server.c
gcc -Wall -Wextra -Wpedantic -Werror -std=c11 -I./include -I./src -g -O0 -DDEBUG -DQMEM_WEB_ENABLED -c -o build/daemon/main.o src/daemon/main.c
gcc -Wall -Wextra -Wpedantic -Werror -std=c11 -I./include -I./src -g -O0 -DDEBUG -DQMEM_WEB_ENABLED -c -o build/daemon/plugin_loader.o src/daemon/plugin_loader.c
gcc -Wall -Wextra -Wpedantic -Werror -std=c11 -I./include -I./src -g -O0 -DDEBUG -DQMEM_WEB_ENABLED -c -o build/daemon/ringbuffer.o src/daemon/ringbuffer.c
gcc -Wall -Wextra -Wpedantic -Werror -std=c11 -I./include -I./src -g -O0 -DDEBUG -DQMEM_WEB_ENABLED -c -o build/daemon/service_manager.o src/daemon/service_manager.c
gcc -Wall -Wextra -Wpedantic -Werror -std=c11 -I./include -I./src -g -O0 -DDEBUG -DQMEM_WEB_ENABLED -c -o build/web/api.o src/web/api.c
gcc -Wall -Wextra -Wpedantic -Werror -std=c11 -I./include -I./src -g -O0 -DDEBUG -DQMEM_WEB_ENABLED -c -o build/web/http_server.o src/web/http_server.c
gcc -Wall -Wextra -Wpedantic -Werror -std=c11 -I./include -I./src -g -O0 -DDEBUG -DQMEM_WEB_ENABLED -c -o build/web/static_files.o src/web/static_files.c
gcc -Wall -Wextra -Wpedantic -Werror -std=c11 -I./include -I./src -g -O0 -DDEBUG -DQMEM_WEB_ENABLED -c -o build/common/format.o src/common/format.c
gcc -Wall -Wextra -Wpedantic -Werror -std=c11 -I./include -I./src -g -O0 -DDEBUG -DQMEM_WEB_ENABLED -c -o build/common/json.o src/common/json.c
gcc -Wall -Wextra -Wpedantic -Werror -std=c11 -I./include -I./src -g -O0 -DDEBUG -DQMEM_WEB_ENABLED -c -o build/common/log.o src/common/log.c
gcc -Wall -Wextra -Wpedantic -Werror -std=c11 -I./include -I./src -g -O0 -DDEBUG -DQMEM_WEB_ENABLED -c -o build/common/proc_utils.o src/common/proc_utils.c
gcc -Wall -Wextra -Wpedantic -Werror -std=c11 -I./include -I./src -g -O0 -DDEBUG -DQMEM_WEB_ENABLED -c -o build/cli/client.o src/cli/client.c
gcc -Wall -Wextra -Wpedantic -Werror -std=c11 -I./include -I./src -g -O0 -DDEBUG -DQMEM_WEB_ENABLED -c -o build/cli/commands.o src/cli/commands.c
gcc -Wall -Wextra -Wpedantic -Werror -std=c11 -I./include -I./src -g -O0 -DDEBUG -DQMEM_WEB_ENABLED -c -o build/cli/main.o src/cli/main.c
gcc -Wall -Wextra -Wpedantic -Werror -std=c11 -I./include -I./src -g -O0 -DDEBUG -DQMEM_WEB_ENABLED -o bin/qmem_test_tool tests/qmem_test_tool.c
gcc -Wall -Wextra -Wpedantic -Werror -std=c11 -I./include -I./src -g -O0 -DDEBUG -DQMEM_WEB_ENABLED -fPIC -shared -o plugins/cpuload.so src/services/cpuload.c build/common/format.o build/common/json.o build/common/log.o build/common/proc_utils.o -lpthread -ldl -g
gcc -Wall -Wextra -Wpedantic -Werror -std=c11 -I./include -I./src -g -O0 -DDEBUG -DQMEM_WEB_ENABLED -DNO_PLUGIN_DEFINE -fPIC -c -o build/services/procmem_noplugin.o src/services/procmem.c
gcc -Wall -Wextra -Wpedantic -Werror -std=c11 -I./include -I./src -g -O0 -DDEBUG -DQMEM_WEB_ENABLED -fPIC -shared -o plugins/meminfo.so src/services/meminfo.c build/common/format.o build/common/json.o build/common/log.o build/common/proc_utils.o -lpthread -ldl -g
gcc -Wall -Wextra -Wpedantic -Werror -std=c11 -I./include -I./src -g -O0 -DDEBUG -DQMEM_WEB_ENABLED -DNO_PLUGIN_DEFINE -fPIC -c -o build/services/slabinfo_noplugin.o src/services/slabinfo.c
gcc -Wall -Wextra -Wpedantic -Werror -std=c11 -I./include -I./src -g -O0 -DDEBUG -DQMEM_WEB_ENABLED -DNO_PLUGIN_DEFINE -fPIC -c -o build/services/heapmon_noplugin.o src/services/heapmon.c
gcc -Wall -Wextra -Wpedantic -Werror -std=c11 -I./include -I./src -g -O0 -DDEBUG -DQMEM_WEB_ENABLED -DNO_PLUGIN_DEFINE -fPIC -c -o build/services/meminfo_noplugin.o src/services/meminfo.c
gcc -Wall -Wextra -Wpedantic -Werror -std=c11 -I./include -I./src -g -O0 -DDEBUG -DQMEM_WEB_ENABLED -fPIC -shared -o plugins/netstat.so src/services/netstat.c build/common/format.o build/common/json.o build/common/log.o build/common/proc_utils.o -lpthread -ldl -g
gcc -Wall -Wextra -Wpedantic -Werror -std=c11 -I./include -I./src -g -O0 -DDEBUG -DQMEM_WEB_ENABLED -fPIC -shared -o plugins/procevent.so src/services/procevent.c build/common/format.o build/common/json.o build/common/log.o build/common/proc_utils.o -lpthread -ldl -g
gcc -Wall -Wextra -Wpedantic -Werror -std=c11 -I./include -I./src -g -O0 -DDEBUG -DQMEM_WEB_ENABLED -fPIC -shared -o plugins/procmem.so src/services/procmem.c build/common/format.o build/common/json.o build/common/log.o build/common/proc_utils.o -lpthread -ldl -g
gcc -Wall -Wextra -Wpedantic -Werror -std=c11 -I./include -I./src -g -O0 -DDEBUG -DQMEM_WEB_ENABLED -fPIC -shared -o plugins/procstat.so src/services/procstat.c build/common/format.o build/common/json.o build/common/log.o build/common/proc_utils.o -lpthread -ldl -g
gcc -Wall -Wextra -Wpedantic -Werror -std=c11 -I./include -I./src -g -O0 -DDEBUG -DQMEM_WEB_ENABLED -fPIC -shared -o plugins/slabinfo.so src/services/slabinfo.c build/common/format.o build/common/json.o build/common/log.o build/common/proc_utils.o -lpthread -ldl -g
gcc -Wall -Wextra -Wpedantic -Werror -std=c11 -I./include -I./src -g -O0 -DDEBUG -DQMEM_WEB_ENABLED -fPIC -shared -o plugins/sockstat.so src/services/sockstat.c build/common/format.o build/common/json.o build/common/log.o build/common/proc_utils.o -lpthread -ldl -g
gcc -Wall -Wextra -Wpedantic -Werror -std=c11 -I./include -I./src -g -O0 -DDEBUG -DQMEM_WEB_ENABLED -fPIC -shared -o plugins/vmstat.so src/services/vmstat.c build/common/format.o build/common/json.o build/common/log.o build/common/proc_utils.o -lpthread -ldl -g
gcc -Wall -Wextra -Wpedantic -Werror -std=c11 -I./include -I./src -g -O0 -DDEBUG -DQMEM_WEB_ENABLED -o bin/qmemd build/daemon/config.o build/daemon/daemon.o build/daemon/ipc_server.o build/daemon/main.o build/daemon/plugin_loader.o build/daemon/ringbuffer.o build/daemon/service_manager.o build/web/api.o build/web/http_server.o build/web/static_files.o build/common/format.o build/common/json.o build/common/log.o build/common/proc_utils.o -lpthread -ldl -g
gcc -Wall -Wextra -Wpedantic -Werror -std=c11 -I./include -I./src -g -O0 -DDEBUG -DQMEM_WEB_ENABLED -o bin/qmemctl build/cli/client.o build/cli/commands.o build/cli/main.o build/common/format.o build/common/json.o build/common/log.o build/common/proc_utils.o -lpthread -ldl -g
gcc -Wall -Wextra -Wpedantic -Werror -std=c11 -I./include -I./src -g -O0 -DDEBUG -DQMEM_WEB_ENABLED -fPIC -shared -o plugins/heapmon.so src/services/heapmon.c build/services/procmem_noplugin.o build/common/format.o build/common/json.o build/common/log.o build/common/proc_utils.o -lpthread -ldl -g
gcc -Wall -Wextra -Wpedantic -Werror -std=c11 -I./include -I./src -g -O0 -DDEBUG -DQMEM_WEB_ENABLED -fPIC -shared -o plugins/memleak.so src/services/memleak.c build/services/procmem_noplugin.o build/services/slabinfo_noplugin.o build/services/heapmon_noplugin.o build/services/meminfo_noplugin.o build/common/format.o build/common/json.o build/common/log.o build/common/proc_utils.o -lpthread -ldl -g
make[1]: Leaving directory '/home/ubuntu/work/qmem'
total 236
-rwxrwxr-x 1 ubuntu ubuntu  75760 Jan 21 09:47 qmem_test_tool
-rwxrwxr-x 1 ubuntu ubuntu 108264 Jan 21 09:47 qmemctl
-rwxrwxr-x 1 ubuntu ubuntu 138008 Jan 21 09:47 qmemd
